[debug] [2018-06-26T01:19:25.348Z] ----------------------------------------------------------------------
[debug] [2018-06-26T01:19:25.364Z] Command:       C:\Program Files (x86)\nodejs\node.exe C:\Users\AdnanShah\AppData\Roaming\npm\node_modules\firebase-tools\bin\firebase deploy
[debug] [2018-06-26T01:19:25.364Z] CLI Version:   3.18.6
[debug] [2018-06-26T01:19:25.364Z] Platform:      win32
[debug] [2018-06-26T01:19:25.364Z] Node Version:  v8.9.4
[debug] [2018-06-26T01:19:25.364Z] Time:          Mon Jun 25 2018 18:19:25 GMT-0700 (Pacific Daylight Time)
[debug] [2018-06-26T01:19:25.364Z] ----------------------------------------------------------------------
[debug] 
[debug] [2018-06-26T01:19:25.379Z] > command requires scopes: ["email","openid","https://www.googleapis.com/auth/cloudplatformprojects.readonly","https://www.googleapis.com/auth/firebase","https://www.googleapis.com/auth/cloud-platform"]
[debug] [2018-06-26T01:19:25.379Z] > authorizing via signed-in user
[debug] [2018-06-26T01:19:25.379Z] > refreshing access token with scopes: ["email","https://www.googleapis.com/auth/cloud-platform","https://www.googleapis.com/auth/cloudplatformprojects.readonly","https://www.googleapis.com/auth/firebase","openid"]
[debug] [2018-06-26T01:19:25.379Z] >>> HTTP REQUEST POST https://www.googleapis.com/oauth2/v3/token  
 { refresh_token: '1/FKBA0xdQO3JTY_S4a8BnBbqTo6BmOjFAhaYLXFhDatM',
  client_id: '563584335869-fgrhgmd47bqnekij5i8b5pr03ho849e6.apps.googleusercontent.com',
  client_secret: 'j9iVZfS8kkCEFUPaAeJV0sAi',
  grant_type: 'refresh_token',
  scope: 'email https://www.googleapis.com/auth/cloud-platform https://www.googleapis.com/auth/cloudplatformprojects.readonly https://www.googleapis.com/auth/firebase openid' } 
 Mon Jun 25 2018 18:19:25 GMT-0700 (Pacific Daylight Time)
[debug] [2018-06-26T01:19:25.821Z] <<< HTTP RESPONSE 200
[debug] [2018-06-26T01:19:25.884Z] >>> HTTP REQUEST GET https://admin.firebase.com/v1/projects/project-7-9fe4b  
  
 Mon Jun 25 2018 18:19:25 GMT-0700 (Pacific Daylight Time)
[debug] [2018-06-26T01:19:27.247Z] <<< HTTP RESPONSE 200
[debug] [2018-06-26T01:19:27.247Z] >>> HTTP REQUEST GET https://admin.firebase.com/v1/database/project-7-9fe4b/tokens  
  
 Mon Jun 25 2018 18:19:27 GMT-0700 (Pacific Daylight Time)
[debug] [2018-06-26T01:19:30.589Z] <<< HTTP RESPONSE 200
[info] 
[info] === Deploying to 'project-7-9fe4b'...
[info] 
[info] i  deploying hosting
[info] i  hosting: preparing dist directory for upload...
