[debug] [2018-06-02T23:57:39.911Z] ----------------------------------------------------------------------
[debug] [2018-06-02T23:57:39.936Z] Command:       C:\Program Files (x86)\nodejs\node.exe C:\Users\AdnanShah\AppData\Roaming\npm\node_modules\firebase-tools\bin\firebase deploy
[debug] [2018-06-02T23:57:39.937Z] CLI Version:   3.18.4
[debug] [2018-06-02T23:57:39.937Z] Platform:      win32
[debug] [2018-06-02T23:57:39.937Z] Node Version:  v8.9.4
[debug] [2018-06-02T23:57:39.937Z] Time:          Sat Jun 02 2018 16:57:39 GMT-0700 (Pacific Daylight Time)
[debug] [2018-06-02T23:57:39.937Z] ----------------------------------------------------------------------
[debug] 
[debug] [2018-06-02T23:57:40.045Z] > command requires scopes: ["email","openid","https://www.googleapis.com/auth/cloudplatformprojects.readonly","https://www.googleapis.com/auth/firebase","https://www.googleapis.com/auth/cloud-platform"]
[debug] [2018-06-02T23:57:40.045Z] > authorizing via signed-in user
[debug] [2018-06-02T23:57:40.048Z] > refreshing access token with scopes: ["email","https://www.googleapis.com/auth/cloud-platform","https://www.googleapis.com/auth/cloudplatformprojects.readonly","https://www.googleapis.com/auth/firebase","openid"]
[debug] [2018-06-02T23:57:40.049Z] >>> HTTP REQUEST POST https://www.googleapis.com/oauth2/v3/token  
 { refresh_token: '1/rfWf_5kQWWrX7e2Rkl0ukslGoHKHXYo9dqBlC-yrmwTkeY-Rl0ulFa-4cSvmHN48',
  client_id: '563584335869-fgrhgmd47bqnekij5i8b5pr03ho849e6.apps.googleusercontent.com',
  client_secret: 'j9iVZfS8kkCEFUPaAeJV0sAi',
  grant_type: 'refresh_token',
  scope: 'email https://www.googleapis.com/auth/cloud-platform https://www.googleapis.com/auth/cloudplatformprojects.readonly https://www.googleapis.com/auth/firebase openid' } 
 Sat Jun 02 2018 16:57:40 GMT-0700 (Pacific Daylight Time)
[debug] [2018-06-02T23:57:42.202Z] <<< HTTP RESPONSE 200
[debug] [2018-06-02T23:57:42.273Z] >>> HTTP REQUEST GET https://admin.firebase.com/v1/projects/project-7-9fe4b  
  
 Sat Jun 02 2018 16:57:42 GMT-0700 (Pacific Daylight Time)
[debug] [2018-06-02T23:57:45.070Z] <<< HTTP RESPONSE 200
[debug] [2018-06-02T23:57:45.072Z] >>> HTTP REQUEST GET https://admin.firebase.com/v1/database/project-7-9fe4b/tokens  
  
 Sat Jun 02 2018 16:57:45 GMT-0700 (Pacific Daylight Time)
[debug] [2018-06-02T23:57:46.267Z] <<< HTTP RESPONSE 200
[info] 
[info] === Deploying to 'project-7-9fe4b'...
[info] 
[info] i  deploying hosting
[info] i  hosting: preparing dist directory for upload...
[debug] [2018-06-02T23:58:41.313Z] >>> HTTP REQUEST PUT https://deploy.firebase.com/v1/hosting/project-7-9fe4b/uploads/-LE-M77EaQtVn4GNfe07?fileCount=2320&message=  
  
 Sat Jun 02 2018 16:58:41 GMT-0700 (Pacific Daylight Time)
